0 info it worked if it ends with ok
1 verbose cli [ 'C:\\Program Files\\nodejs\\node.exe',
1 verbose cli   'C:\\Program Files\\nodejs\\node_modules\\npm\\bin\\npm-cli.js',
1 verbose cli   'install',
1 verbose cli   '--save-dev',
1 verbose cli   'babel-core',
1 verbose cli   'babel-loader',
1 verbose cli   'babel-plugin-syntax-dynamic-import',
1 verbose cli   'babel-preset-es2015' ]
2 info using npm@3.10.10
3 info using node@v6.9.4
4 silly loadCurrentTree Starting
5 silly install loadCurrentTree
6 silly install readLocalPackageData
7 silly fetchPackageMetaData babel-core@^6.24.0
8 silly fetchPackageMetaData babel-loader@^6.4.1
9 silly fetchPackageMetaData babel-plugin-syntax-dynamic-import
10 silly fetchPackageMetaData babel-preset-es2015
11 silly fetchNamedPackageData babel-core
12 silly mapToRegistry name babel-core
13 silly mapToRegistry using default registry
14 silly mapToRegistry registry https://registry.npmjs.org/
15 silly mapToRegistry data Result {
15 silly mapToRegistry   raw: 'babel-core',
15 silly mapToRegistry   scope: null,
15 silly mapToRegistry   escapedName: 'babel-core',
15 silly mapToRegistry   name: 'babel-core',
15 silly mapToRegistry   rawSpec: '',
15 silly mapToRegistry   spec: 'latest',
15 silly mapToRegistry   type: 'tag' }
16 silly mapToRegistry uri https://registry.npmjs.org/babel-core
17 silly fetchNamedPackageData babel-loader
18 silly mapToRegistry name babel-loader
19 silly mapToRegistry using default registry
20 silly mapToRegistry registry https://registry.npmjs.org/
21 silly mapToRegistry data Result {
21 silly mapToRegistry   raw: 'babel-loader',
21 silly mapToRegistry   scope: null,
21 silly mapToRegistry   escapedName: 'babel-loader',
21 silly mapToRegistry   name: 'babel-loader',
21 silly mapToRegistry   rawSpec: '',
21 silly mapToRegistry   spec: 'latest',
21 silly mapToRegistry   type: 'tag' }
22 silly mapToRegistry uri https://registry.npmjs.org/babel-loader
23 silly fetchNamedPackageData babel-plugin-syntax-dynamic-import
24 silly mapToRegistry name babel-plugin-syntax-dynamic-import
25 silly mapToRegistry using default registry
26 silly mapToRegistry registry https://registry.npmjs.org/
27 silly mapToRegistry data Result {
27 silly mapToRegistry   raw: 'babel-plugin-syntax-dynamic-import',
27 silly mapToRegistry   scope: null,
27 silly mapToRegistry   escapedName: 'babel-plugin-syntax-dynamic-import',
27 silly mapToRegistry   name: 'babel-plugin-syntax-dynamic-import',
27 silly mapToRegistry   rawSpec: '',
27 silly mapToRegistry   spec: 'latest',
27 silly mapToRegistry   type: 'tag' }
28 silly mapToRegistry uri https://registry.npmjs.org/babel-plugin-syntax-dynamic-import
29 silly fetchNamedPackageData babel-preset-es2015
30 silly mapToRegistry name babel-preset-es2015
31 silly mapToRegistry using default registry
32 silly mapToRegistry registry https://registry.npmjs.org/
33 silly mapToRegistry data Result {
33 silly mapToRegistry   raw: 'babel-preset-es2015',
33 silly mapToRegistry   scope: null,
33 silly mapToRegistry   escapedName: 'babel-preset-es2015',
33 silly mapToRegistry   name: 'babel-preset-es2015',
33 silly mapToRegistry   rawSpec: '',
33 silly mapToRegistry   spec: 'latest',
33 silly mapToRegistry   type: 'tag' }
34 silly mapToRegistry uri https://registry.npmjs.org/babel-preset-es2015
35 verbose request uri https://registry.npmjs.org/babel-core
36 verbose request no auth needed
37 info attempt registry request try #1 at 1:56:51 PM
38 verbose request id 9a1e8a57162f3cef
39 http request GET https://registry.npmjs.org/babel-core
40 verbose request uri https://registry.npmjs.org/babel-loader
41 verbose request no auth needed
42 info attempt registry request try #1 at 1:56:51 PM
43 http request GET https://registry.npmjs.org/babel-loader
44 verbose request uri https://registry.npmjs.org/babel-plugin-syntax-dynamic-import
45 verbose request no auth needed
46 info attempt registry request try #1 at 1:56:51 PM
47 http request GET https://registry.npmjs.org/babel-plugin-syntax-dynamic-import
48 verbose request uri https://registry.npmjs.org/babel-preset-es2015
49 verbose request no auth needed
50 info attempt registry request try #1 at 1:56:51 PM
51 verbose etag W/"58c180c2-e2ef"
52 verbose lastModified Thu, 09 Mar 2017 16:20:18 GMT
53 http request GET https://registry.npmjs.org/babel-preset-es2015
54 http 200 https://registry.npmjs.org/babel-preset-es2015
55 verbose headers { server: 'nginx/1.10.1',
55 verbose headers   'content-type': 'application/json',
55 verbose headers   'last-modified': 'Mon, 27 Mar 2017 05:41:49 GMT',
55 verbose headers   etag: 'W/"58d8a61d-f8e6"',
55 verbose headers   'content-encoding': 'gzip',
55 verbose headers   'cache-control': 'max-age=300',
55 verbose headers   'content-length': '5478',
55 verbose headers   'accept-ranges': 'bytes',
55 verbose headers   date: 'Sat, 01 Apr 2017 15:57:04 GMT',
55 verbose headers   via: '1.1 varnish',
55 verbose headers   age: '218',
55 verbose headers   connection: 'keep-alive',
55 verbose headers   'x-served-by': 'cache-lcy1127-LCY',
55 verbose headers   'x-cache': 'HIT',
55 verbose headers   'x-cache-hits': '1',
55 verbose headers   'x-timer': 'S1491062224.008777,VS0,VE0',
55 verbose headers   vary: 'Accept-Encoding' }
56 silly get cb [ 200,
56 silly get   { server: 'nginx/1.10.1',
56 silly get     'content-type': 'application/json',
56 silly get     'last-modified': 'Mon, 27 Mar 2017 05:41:49 GMT',
56 silly get     etag: 'W/"58d8a61d-f8e6"',
56 silly get     'content-encoding': 'gzip',
56 silly get     'cache-control': 'max-age=300',
56 silly get     'content-length': '5478',
56 silly get     'accept-ranges': 'bytes',
56 silly get     date: 'Sat, 01 Apr 2017 15:57:04 GMT',
56 silly get     via: '1.1 varnish',
56 silly get     age: '218',
56 silly get     connection: 'keep-alive',
56 silly get     'x-served-by': 'cache-lcy1127-LCY',
56 silly get     'x-cache': 'HIT',
56 silly get     'x-cache-hits': '1',
56 silly get     'x-timer': 'S1491062224.008777,VS0,VE0',
56 silly get     vary: 'Accept-Encoding' } ]
57 verbose get saving babel-preset-es2015 to C:\Users\ansar\AppData\Roaming\npm-cache\registry.npmjs.org\babel-preset-es2015\.cache.json
58 verbose correctMkdir C:\Users\ansar\AppData\Roaming\npm-cache correctMkdir not in flight; initializing
59 http 200 https://registry.npmjs.org/babel-plugin-syntax-dynamic-import
60 verbose headers { server: 'nginx/1.10.1',
60 verbose headers   'content-type': 'application/json',
60 verbose headers   'last-modified': 'Thu, 23 Mar 2017 19:49:06 GMT',
60 verbose headers   etag: 'W/"58d426b2-10ce"',
60 verbose headers   'content-encoding': 'gzip',
60 verbose headers   'cache-control': 'max-age=300',
60 verbose headers   'content-length': '1070',
60 verbose headers   'accept-ranges': 'bytes',
60 verbose headers   date: 'Sat, 01 Apr 2017 15:57:04 GMT',
60 verbose headers   via: '1.1 varnish',
60 verbose headers   age: '184',
60 verbose headers   connection: 'keep-alive',
60 verbose headers   'x-served-by': 'cache-lcy1150-LCY',
60 verbose headers   'x-cache': 'HIT',
60 verbose headers   'x-cache-hits': '1',
60 verbose headers   'x-timer': 'S1491062224.052358,VS0,VE0',
60 verbose headers   vary: 'Accept-Encoding' }
61 silly get cb [ 200,
61 silly get   { server: 'nginx/1.10.1',
61 silly get     'content-type': 'application/json',
61 silly get     'last-modified': 'Thu, 23 Mar 2017 19:49:06 GMT',
61 silly get     etag: 'W/"58d426b2-10ce"',
61 silly get     'content-encoding': 'gzip',
61 silly get     'cache-control': 'max-age=300',
61 silly get     'content-length': '1070',
61 silly get     'accept-ranges': 'bytes',
61 silly get     date: 'Sat, 01 Apr 2017 15:57:04 GMT',
61 silly get     via: '1.1 varnish',
61 silly get     age: '184',
61 silly get     connection: 'keep-alive',
61 silly get     'x-served-by': 'cache-lcy1150-LCY',
61 silly get     'x-cache': 'HIT',
61 silly get     'x-cache-hits': '1',
61 silly get     'x-timer': 'S1491062224.052358,VS0,VE0',
61 silly get     vary: 'Accept-Encoding' } ]
62 verbose get saving babel-plugin-syntax-dynamic-import to C:\Users\ansar\AppData\Roaming\npm-cache\registry.npmjs.org\babel-plugin-syntax-dynamic-import\.cache.json
63 verbose correctMkdir C:\Users\ansar\AppData\Roaming\npm-cache correctMkdir not in flight; initializing
64 http 200 https://registry.npmjs.org/babel-loader
65 verbose headers { server: 'nginx/1.10.1',
65 verbose headers   'content-type': 'application/json',
65 verbose headers   'last-modified': 'Wed, 29 Mar 2017 08:38:42 GMT',
65 verbose headers   etag: 'W/"58db7292-15a1c"',
65 verbose headers   'content-encoding': 'gzip',
65 verbose headers   'cache-control': 'max-age=300',
65 verbose headers   'content-length': '10704',
65 verbose headers   'accept-ranges': 'bytes',
65 verbose headers   date: 'Sat, 01 Apr 2017 15:57:04 GMT',
65 verbose headers   via: '1.1 varnish',
65 verbose headers   age: '212',
65 verbose headers   connection: 'keep-alive',
65 verbose headers   'x-served-by': 'cache-lcy1133-LCY',
65 verbose headers   'x-cache': 'HIT',
65 verbose headers   'x-cache-hits': '1',
65 verbose headers   'x-timer': 'S1491062224.130063,VS0,VE0',
65 verbose headers   vary: 'Accept-Encoding' }
66 silly get cb [ 200,
66 silly get   { server: 'nginx/1.10.1',
66 silly get     'content-type': 'application/json',
66 silly get     'last-modified': 'Wed, 29 Mar 2017 08:38:42 GMT',
66 silly get     etag: 'W/"58db7292-15a1c"',
66 silly get     'content-encoding': 'gzip',
66 silly get     'cache-control': 'max-age=300',
66 silly get     'content-length': '10704',
66 silly get     'accept-ranges': 'bytes',
66 silly get     date: 'Sat, 01 Apr 2017 15:57:04 GMT',
66 silly get     via: '1.1 varnish',
66 silly get     age: '212',
66 silly get     connection: 'keep-alive',
66 silly get     'x-served-by': 'cache-lcy1133-LCY',
66 silly get     'x-cache': 'HIT',
66 silly get     'x-cache-hits': '1',
66 silly get     'x-timer': 'S1491062224.130063,VS0,VE0',
66 silly get     vary: 'Accept-Encoding' } ]
67 verbose get saving babel-loader to C:\Users\ansar\AppData\Roaming\npm-cache\registry.npmjs.org\babel-loader\.cache.json
68 verbose correctMkdir C:\Users\ansar\AppData\Roaming\npm-cache correctMkdir not in flight; initializing
69 http 200 https://registry.npmjs.org/babel-core
70 verbose headers { server: 'nginx/1.10.1',
70 verbose headers   'content-type': 'application/json',
70 verbose headers   'last-modified': 'Mon, 27 Mar 2017 19:09:39 GMT',
70 verbose headers   etag: 'W/"58d96373-7582f"',
70 verbose headers   'content-encoding': 'gzip',
70 verbose headers   'cache-control': 'max-age=300',
70 verbose headers   'content-length': '26717',
70 verbose headers   'accept-ranges': 'bytes',
70 verbose headers   date: 'Sat, 01 Apr 2017 15:57:04 GMT',
70 verbose headers   via: '1.1 varnish',
70 verbose headers   age: '222',
70 verbose headers   connection: 'keep-alive',
70 verbose headers   'x-served-by': 'cache-lcy1129-LCY',
70 verbose headers   'x-cache': 'HIT',
70 verbose headers   'x-cache-hits': '1',
70 verbose headers   'x-timer': 'S1491062224.018681,VS0,VE1',
70 verbose headers   vary: 'Accept-Encoding' }
71 silly get cb [ 200,
71 silly get   { server: 'nginx/1.10.1',
71 silly get     'content-type': 'application/json',
71 silly get     'last-modified': 'Mon, 27 Mar 2017 19:09:39 GMT',
71 silly get     etag: 'W/"58d96373-7582f"',
71 silly get     'content-encoding': 'gzip',
71 silly get     'cache-control': 'max-age=300',
71 silly get     'content-length': '26717',
71 silly get     'accept-ranges': 'bytes',
71 silly get     date: 'Sat, 01 Apr 2017 15:57:04 GMT',
71 silly get     via: '1.1 varnish',
71 silly get     age: '222',
71 silly get     connection: 'keep-alive',
71 silly get     'x-served-by': 'cache-lcy1129-LCY',
71 silly get     'x-cache': 'HIT',
71 silly get     'x-cache-hits': '1',
71 silly get     'x-timer': 'S1491062224.018681,VS0,VE1',
71 silly get     vary: 'Accept-Encoding' } ]
72 verbose get saving babel-core to C:\Users\ansar\AppData\Roaming\npm-cache\registry.npmjs.org\babel-core\.cache.json
73 verbose correctMkdir C:\Users\ansar\AppData\Roaming\npm-cache correctMkdir not in flight; initializing
74 silly install normalizeTree
75 silly loadCurrentTree Finishing
76 silly loadIdealTree Starting
77 silly install loadIdealTree
78 silly cloneCurrentTree Starting
79 silly install cloneCurrentTreeToIdealTree
80 silly cloneCurrentTree Finishing
81 silly loadShrinkwrap Starting
82 silly install loadShrinkwrap
83 verbose stack Error: kill ENOSYS
83 verbose stack     at exports._errnoException (util.js:1022:11)
83 verbose stack     at process.kill (internal/process.js:172:13)
83 verbose stack     at process.listener (C:\Program Files\nodejs\node_modules\npm\node_modules\npmlog\node_modules\gauge\node_modules\signal-exit\index.js:86:15)
83 verbose stack     at emitNone (events.js:91:20)
83 verbose stack     at process.emit (events.js:185:7)
83 verbose stack     at processEmit (C:\Program Files\nodejs\node_modules\npm\node_modules\npmlog\node_modules\gauge\node_modules\signal-exit\index.js:146:32)
83 verbose stack     at processEmit (C:\Program Files\nodejs\node_modules\npm\node_modules\npm-registry-client\node_modules\npmlog\node_modules\gauge\node_modules\signal-exit\index.js:146:32)
83 verbose stack     at Signal.wrap.onsignal (internal/process.js:199:44)
84 verbose cwd G:\mywork\Node\MyTaskList\client
85 error Windows_NT 6.1.7601
86 error argv "C:\\Program Files\\nodejs\\node.exe" "C:\\Program Files\\nodejs\\node_modules\\npm\\bin\\npm-cli.js" "install" "--save-dev" "babel-core" "babel-loader" "babel-plugin-syntax-dynamic-import" "babel-preset-es2015"
87 error node v6.9.4
88 error npm  v3.10.10
89 error code ENOSYS
90 error errno ENOSYS
91 error syscall kill
92 error kill ENOSYS
93 error If you need help, you may report this error at:
93 error     <https://github.com/npm/npm/issues>
94 verbose exit [ 1, true ]
